CRITICAL - 2021-09-04 00:14:21 --> syntax error, unexpected 'image' (T_STRING), expecting ',' or ';'
#0 D:\xampp\htdocs\ci4_demo\system\View\View.php(232): CodeIgniter\View\View->CodeIgniter\View\{closure}()
#1 D:\xampp\htdocs\ci4_demo\system\Common.php(1271): CodeIgniter\View\View->render('list', Array, true)
#2 D:\xampp\htdocs\ci4_demo\app\Controllers\Student.php(24): view('list', Array)
#3 D:\xampp\htdocs\ci4_demo\system\CodeIgniter.php(928): App\Controllers\Student->index()
#4 D:\xampp\htdocs\ci4_demo\system\CodeIgniter.php(436): CodeIgniter\CodeIgniter->runController(Object(App\Controllers\Student))
#5 D:\xampp\htdocs\ci4_demo\system\CodeIgniter.php(336): CodeIgniter\CodeIgniter->handleRequest(NULL, Object(Config\Cache), false)
#6 D:\xampp\htdocs\ci4_demo\public\index.php(37): CodeIgniter\CodeIgniter->run()
#7 D:\xampp\htdocs\ci4_demo\system\Commands\Server\rewrite.php(45): require_once('D:\\xampp\\htdocs...')
#8 {main}
CRITICAL - 2021-09-04 00:15:13 --> syntax error, unexpected '' (T_ENCAPSED_AND_WHITESPACE), expecting '-' or identifier (T_STRING) or variable (T_VARIABLE) or number (T_NUM_STRING)
#0 D:\xampp\htdocs\ci4_demo\system\View\View.php(232): CodeIgniter\View\View->CodeIgniter\View\{closure}()
#1 D:\xampp\htdocs\ci4_demo\system\Common.php(1271): CodeIgniter\View\View->render('list', Array, true)
#2 D:\xampp\htdocs\ci4_demo\app\Controllers\Student.php(24): view('list', Array)
#3 D:\xampp\htdocs\ci4_demo\system\CodeIgniter.php(928): App\Controllers\Student->index()
#4 D:\xampp\htdocs\ci4_demo\system\CodeIgniter.php(436): CodeIgniter\CodeIgniter->runController(Object(App\Controllers\Student))
#5 D:\xampp\htdocs\ci4_demo\system\CodeIgniter.php(336): CodeIgniter\CodeIgniter->handleRequest(NULL, Object(Config\Cache), false)
#6 D:\xampp\htdocs\ci4_demo\public\index.php(37): CodeIgniter\CodeIgniter->run()
#7 D:\xampp\htdocs\ci4_demo\system\Commands\Server\rewrite.php(45): require_once('D:\\xampp\\htdocs...')
#8 {main}
